The system is: Linux - 5.15.0-78-generic - x86_64
Compiling the C compiler identification source file "CMakeCCompilerId.c" succeeded.
Compiler: /home/rtlink/anaconda3/bin/cc 
Build flags: 
Id flags:  

The output was:
0


Compilation of the C compiler identification source "CMakeCCompilerId.c" produced "a.out"

The C compiler identification is GNU, found in "/home/rtlink/jiwon/paper_ws/build/CMakeFiles/3.18.4/CompilerIdC/a.out"

Compiling the CXX compiler identification source file "CMakeCXXCompilerId.cpp" succeeded.
Compiler: /usr/bin/c++ 
Build flags: 
Id flags:  

The output was:
0


Compilation of the CXX compiler identification source "CMakeCXXCompilerId.cpp" produced "a.out"

The CXX compiler identification is Clang, found in "/home/rtlink/jiwon/paper_ws/build/CMakeFiles/3.18.4/CompilerIdCXX/a.out"

Detecting C compiler ABI info compiled with the following output:
Change Dir: /home/rtlink/jiwon/paper_ws/build/CMakeFiles/CMakeTmp

Run Build Command(s):/usr/bin/make cmTC_2da98/fast && /usr/bin/make  -f CMakeFiles/cmTC_2da98.dir/build.make CMakeFiles/cmTC_2da98.dir/build
make[1]: Entering directory '/home/rtlink/jiwon/paper_ws/build/CMakeFiles/CMakeTmp'
Building C object CMakeFiles/cmTC_2da98.dir/CMakeCCompilerABI.c.o
/home/rtlink/anaconda3/bin/cc   -v -o CMakeFiles/cmTC_2da98.dir/CMakeCCompilerABI.c.o -c /usr/share/cmake-3.18/Modules/CMakeCCompilerABI.c
Reading specs from /home/rtlink/anaconda3/bin/../lib/gcc/x86_64-conda-linux-gnu/12.1.0/specs
could not find specs file conda.specs
COLLECT_GCC=/home/rtlink/anaconda3/bin/cc
Target: x86_64-conda-linux-gnu
Configured with: ../configure --prefix=/home/conda/feedstock_root/build_artifacts/gcc_compilers_1665882792052/_h_env_placehold_placehold_placehold_placehold_placehold_placehold_placehold_placehold_placehold_placehold_placehold_placehold_placehold_placehold_placehold_placehold_placehold_placeho --with-slibdir=/home/conda/feedstock_root/build_artifacts/gcc_compilers_1665882792052/_h_env_placehold_placehold_placehold_placehold_placehold_placehold_placehold_placehold_placehold_placehold_placehold_placehold_placehold_placehold_placehold_placehold_placehold_placeho/lib --libdir=/home/conda/feedstock_root/build_artifacts/gcc_compilers_1665882792052/_h_env_placehold_placehold_placehold_placehold_placehold_placehold_placehold_placehold_placehold_placehold_placehold_placehold_placehold_placehold_placehold_placehold_placehold_placeho/lib --mandir=/home/conda/feedstock_root/build_artifacts/gcc_compilers_1665882792052/_h_env_placehold_placehold_placehold_placehold_placehold_placehold_placehold_placehold_placehold_placehold_placehold_placehold_placehold_placehold_placehold_placehold_placehold_placeho/man --build=x86_64-conda-linux-gnu --host=x86_64-conda-linux-gnu --target=x86_64-conda-linux-gnu --enable-default-pie --enable-languages=c,c++,fortran,objc,obj-c++ --enable-__cxa_atexit --disable-libmudflap --enable-libgomp --disable-libssp --enable-libquadmath --enable-libquadmath-support --enable-libsanitizer --enable-lto --enable-threads=posix --enable-target-optspace --enable-plugin --enable-gold --disable-nls --disable-bootstrap --disable-multilib --enable-long-long --with-sysroot=/home/conda/feedstock_root/build_artifacts/gcc_compilers_1665882792052/_h_env_placehold_placehold_placehold_placehold_placehold_placehold_placehold_placehold_placehold_placehold_placehold_placehold_placehold_placehold_placehold_placehold_placehold_placeho/x86_64-conda-linux-gnu/sysroot --with-build-sysroot=/home/conda/feedstock_root/build_artifacts/gcc_compilers_1665882792052/_build_env/x86_64-conda-linux-gnu/sysroot --with-gxx-include-dir=/home/conda/feedstock_root/build_artifacts/gcc_compilers_1665882792052/_h_env_placehold_placehold_placehold_placehold_placehold_placehold_placehold_placehold_placehold_placehold_placehold_placehold_placehold_placehold_placehold_placehold_placehold_placeho/x86_64-conda-linux-gnu/include/c++/12.1.0 --with-pkgversion='conda-forge gcc 12.1.0-17' --with-bugurl=https://github.com/conda-forge/ctng-compilers-feedstock/issues/new/choose
Thread model: posix
Supported LTO compression algorithms: zlib
gcc version 12.1.0 (conda-forge gcc 12.1.0-17) 
COLLECT_GCC_OPTIONS='-v' '-o' 'CMakeFiles/cmTC_2da98.dir/CMakeCCompilerABI.c.o' '-c' '-mtune=generic' '-march=x86-64' '-dumpdir' 'CMakeFiles/cmTC_2da98.dir/'
 /home/rtlink/anaconda3/bin/../libexec/gcc/x86_64-conda-linux-gnu/12.1.0/cc1 -quiet -v -iprefix /home/rtlink/anaconda3/bin/../lib/gcc/x86_64-conda-linux-gnu/12.1.0/ -isysroot /home/rtlink/anaconda3/bin/../x86_64-conda-linux-gnu/sysroot /usr/share/cmake-3.18/Modules/CMakeCCompilerABI.c -quiet -dumpdir CMakeFiles/cmTC_2da98.dir/ -dumpbase CMakeCCompilerABI.c.c -dumpbase-ext .c -mtune=generic -march=x86-64 -version -o /tmp/ccNFA5wA.s
GNU C17 (conda-forge gcc 12.1.0-17) version 12.1.0 (x86_64-conda-linux-gnu)
	compiled by GNU C version 12.1.0, GMP version 6.2.1, MPFR version 4.1.0, MPC version 1.2.1, isl version isl-0.24-GMP

GGC heuristics: --param ggc-min-expand=100 --param ggc-min-heapsize=131072
ignoring nonexistent directory "/home/rtlink/anaconda3/bin/../lib/gcc/x86_64-conda-linux-gnu/12.1.0/../../../../x86_64-conda-linux-gnu/include"
ignoring duplicate directory "/home/rtlink/anaconda3/bin/../lib/gcc/../../lib/gcc/x86_64-conda-linux-gnu/12.1.0/include"
ignoring nonexistent directory "/home/rtlink/anaconda3/bin/../x86_64-conda-linux-gnu/sysroot/usr/local/include"
ignoring duplicate directory "/home/rtlink/anaconda3/bin/../lib/gcc/../../lib/gcc/x86_64-conda-linux-gnu/12.1.0/include-fixed"
ignoring nonexistent directory "/home/rtlink/anaconda3/bin/../lib/gcc/../../lib/gcc/x86_64-conda-linux-gnu/12.1.0/../../../../x86_64-conda-linux-gnu/include"
#include "..." search starts here:
#include <...> search starts here:
 /home/rtlink/anaconda3/bin/../lib/gcc/x86_64-conda-linux-gnu/12.1.0/include
 /home/rtlink/anaconda3/bin/../lib/gcc/x86_64-conda-linux-gnu/12.1.0/include-fixed
 /home/rtlink/anaconda3/bin/../x86_64-conda-linux-gnu/sysroot/usr/include
End of search list.
GNU C17 (conda-forge gcc 12.1.0-17) version 12.1.0 (x86_64-conda-linux-gnu)
	compiled by GNU C version 12.1.0, GMP version 6.2.1, MPFR version 4.1.0, MPC version 1.2.1, isl version isl-0.24-GMP

GGC heuristics: --param ggc-min-expand=100 --param ggc-min-heapsize=131072
Compiler executable checksum: 948d14387da5abafaa455e4d3c66cea6
COLLECT_GCC_OPTIONS='-v' '-o' 'CMakeFiles/cmTC_2da98.dir/CMakeCCompilerABI.c.o' '-c' '-mtune=generic' '-march=x86-64' '-dumpdir' 'CMakeFiles/cmTC_2da98.dir/'
 /home/rtlink/anaconda3/bin/../lib/gcc/x86_64-conda-linux-gnu/12.1.0/../../../../x86_64-conda-linux-gnu/bin/as -v --64 -o CMakeFiles/cmTC_2da98.dir/CMakeCCompilerABI.c.o /tmp/ccNFA5wA.s
GNU assembler version 2.40 (x86_64-conda-linux-gnu) using BFD version (GNU Binutils) 2.40
COMPILER_PATH=/home/rtlink/anaconda3/bin/../libexec/gcc/x86_64-conda-linux-gnu/12.1.0/:/home/rtlink/anaconda3/bin/../libexec/gcc/:/home/rtlink/anaconda3/bin/../lib/gcc/x86_64-conda-linux-gnu/12.1.0/../../../../x86_64-conda-linux-gnu/bin/
LIBRARY_PATH=/home/rtlink/anaconda3/bin/../lib/gcc/x86_64-conda-linux-gnu/12.1.0/:/home/rtlink/anaconda3/bin/../lib/gcc/:/home/rtlink/anaconda3/bin/../lib/gcc/x86_64-conda-linux-gnu/12.1.0/../../../../x86_64-conda-linux-gnu/lib/../lib/:/home/rtlink/anaconda3/bin/../lib/gcc/x86_64-conda-linux-gnu/12.1.0/../../../../lib/:/home/rtlink/anaconda3/bin/../x86_64-conda-linux-gnu/sysroot/lib/../lib/:/home/rtlink/anaconda3/bin/../x86_64-conda-linux-gnu/sysroot/usr/lib/../lib/:/home/rtlink/anaconda3/bin/../lib/gcc/x86_64-conda-linux-gnu/12.1.0/../../../../x86_64-conda-linux-gnu/lib/:/home/rtlink/anaconda3/bin/../lib/gcc/x86_64-conda-linux-gnu/12.1.0/../../../:/home/rtlink/anaconda3/bin/../x86_64-conda-linux-gnu/sysroot/lib/:/home/rtlink/anaconda3/bin/../x86_64-conda-linux-gnu/sysroot/usr/lib/
COLLECT_GCC_OPTIONS='-v' '-o' 'CMakeFiles/cmTC_2da98.dir/CMakeCCompilerABI.c.o' '-c' '-mtune=generic' '-march=x86-64' '-dumpdir' 'CMakeFiles/cmTC_2da98.dir/CMakeCCompilerABI.c.'
Linking C executable cmTC_2da98
/usr/bin/cmake -E cmake_link_script CMakeFiles/cmTC_2da98.dir/link.txt --verbose=1
/home/rtlink/anaconda3/bin/cc  -v -rdynamic CMakeFiles/cmTC_2da98.dir/CMakeCCompilerABI.c.o -o cmTC_2da98 
Reading specs from /home/rtlink/anaconda3/bin/../lib/gcc/x86_64-conda-linux-gnu/12.1.0/specs
could not find specs file conda.specs
COLLECT_GCC=/home/rtlink/anaconda3/bin/cc
COLLECT_LTO_WRAPPER=/home/rtlink/anaconda3/bin/../libexec/gcc/x86_64-conda-linux-gnu/12.1.0/lto-wrapper
Target: x86_64-conda-linux-gnu
Configured with: ../configure --prefix=/home/conda/feedstock_root/build_artifacts/gcc_compilers_1665882792052/_h_env_placehold_placehold_placehold_placehold_placehold_placehold_placehold_placehold_placehold_placehold_placehold_placehold_placehold_placehold_placehold_placehold_placehold_placeho --with-slibdir=/home/conda/feedstock_root/build_artifacts/gcc_compilers_1665882792052/_h_env_placehold_placehold_placehold_placehold_placehold_placehold_placehold_placehold_placehold_placehold_placehold_placehold_placehold_placehold_placehold_placehold_placehold_placeho/lib --libdir=/home/conda/feedstock_root/build_artifacts/gcc_compilers_1665882792052/_h_env_placehold_placehold_placehold_placehold_placehold_placehold_placehold_placehold_placehold_placehold_placehold_placehold_placehold_placehold_placehold_placehold_placehold_placeho/lib --mandir=/home/conda/feedstock_root/build_artifacts/gcc_compilers_1665882792052/_h_env_placehold_placehold_placehold_placehold_placehold_placehold_placehold_placehold_placehold_placehold_placehold_placehold_placehold_placehold_placehold_placehold_placehold_placeho/man --build=x86_64-conda-linux-gnu --host=x86_64-conda-linux-gnu --target=x86_64-conda-linux-gnu --enable-default-pie --enable-languages=c,c++,fortran,objc,obj-c++ --enable-__cxa_atexit --disable-libmudflap --enable-libgomp --disable-libssp --enable-libquadmath --enable-libquadmath-support --enable-libsanitizer --enable-lto --enable-threads=posix --enable-target-optspace --enable-plugin --enable-gold --disable-nls --disable-bootstrap --disable-multilib --enable-long-long --with-sysroot=/home/conda/feedstock_root/build_artifacts/gcc_compilers_1665882792052/_h_env_placehold_placehold_placehold_placehold_placehold_placehold_placehold_placehold_placehold_placehold_placehold_placehold_placehold_placehold_placehold_placehold_placehold_placeho/x86_64-conda-linux-gnu/sysroot --with-build-sysroot=/home/conda/feedstock_root/build_artifacts/gcc_compilers_1665882792052/_build_env/x86_64-conda-linux-gnu/sysroot --with-gxx-include-dir=/home/conda/feedstock_root/build_artifacts/gcc_compilers_1665882792052/_h_env_placehold_placehold_placehold_placehold_placehold_placehold_placehold_placehold_placehold_placehold_placehold_placehold_placehold_placehold_placehold_placehold_placehold_placeho/x86_64-conda-linux-gnu/include/c++/12.1.0 --with-pkgversion='conda-forge gcc 12.1.0-17' --with-bugurl=https://github.com/conda-forge/ctng-compilers-feedstock/issues/new/choose
Thread model: posix
Supported LTO compression algorithms: zlib
gcc version 12.1.0 (conda-forge gcc 12.1.0-17) 
COMPILER_PATH=/home/rtlink/anaconda3/bin/../libexec/gcc/x86_64-conda-linux-gnu/12.1.0/:/home/rtlink/anaconda3/bin/../libexec/gcc/:/home/rtlink/anaconda3/bin/../lib/gcc/x86_64-conda-linux-gnu/12.1.0/../../../../x86_64-conda-linux-gnu/bin/
LIBRARY_PATH=/home/rtlink/anaconda3/bin/../lib/gcc/x86_64-conda-linux-gnu/12.1.0/:/home/rtlink/anaconda3/bin/../lib/gcc/:/home/rtlink/anaconda3/bin/../lib/gcc/x86_64-conda-linux-gnu/12.1.0/../../../../x86_64-conda-linux-gnu/lib/../lib/:/home/rtlink/anaconda3/bin/../lib/gcc/x86_64-conda-linux-gnu/12.1.0/../../../../lib/:/home/rtlink/anaconda3/bin/../x86_64-conda-linux-gnu/sysroot/lib/../lib/:/home/rtlink/anaconda3/bin/../x86_64-conda-linux-gnu/sysroot/usr/lib/../lib/:/home/rtlink/anaconda3/bin/../lib/gcc/x86_64-conda-linux-gnu/12.1.0/../../../../x86_64-conda-linux-gnu/lib/:/home/rtlink/anaconda3/bin/../lib/gcc/x86_64-conda-linux-gnu/12.1.0/../../../:/home/rtlink/anaconda3/bin/../x86_64-conda-linux-gnu/sysroot/lib/:/home/rtlink/anaconda3/bin/../x86_64-conda-linux-gnu/sysroot/usr/lib/
COLLECT_GCC_OPTIONS='-v' '-rdynamic' '-o' 'cmTC_2da98' '-mtune=generic' '-march=x86-64' '-dumpdir' 'cmTC_2da98.'
 /home/rtlink/anaconda3/bin/../libexec/gcc/x86_64-conda-linux-gnu/12.1.0/collect2 -plugin /home/rtlink/anaconda3/bin/../libexec/gcc/x86_64-conda-linux-gnu/12.1.0/liblto_plugin.so -plugin-opt=/home/rtlink/anaconda3/bin/../libexec/gcc/x86_64-conda-linux-gnu/12.1.0/lto-wrapper -plugin-opt=-fresolution=/tmp/ccYT1eV2.res -plugin-opt=-pass-through=-lgcc -plugin-opt=-pass-through=-lgcc_s -plugin-opt=-pass-through=-lc -plugin-opt=-pass-through=-lgcc -plugin-opt=-pass-through=-lgcc_s --sysroot=/home/rtlink/anaconda3/bin/../x86_64-conda-linux-gnu/sysroot --eh-frame-hdr -m elf_x86_64 -export-dynamic -dynamic-linker /lib64/ld-linux-x86-64.so.2 -pie -o cmTC_2da98 /home/rtlink/anaconda3/bin/../x86_64-conda-linux-gnu/sysroot/usr/lib/../lib/Scrt1.o /home/rtlink/anaconda3/bin/../x86_64-conda-linux-gnu/sysroot/usr/lib/../lib/crti.o /home/rtlink/anaconda3/bin/../lib/gcc/x86_64-conda-linux-gnu/12.1.0/crtbeginS.o -L/home/rtlink/anaconda3/bin/../lib/gcc/x86_64-conda-linux-gnu/12.1.0 -L/home/rtlink/anaconda3/bin/../lib/gcc -L/home/rtlink/anaconda3/bin/../lib/gcc/x86_64-conda-linux-gnu/12.1.0/../../../../x86_64-conda-linux-gnu/lib/../lib -L/home/rtlink/anaconda3/bin/../lib/gcc/x86_64-conda-linux-gnu/12.1.0/../../../../lib -L/home/rtlink/anaconda3/bin/../x86_64-conda-linux-gnu/sysroot/lib/../lib -L/home/rtlink/anaconda3/bin/../x86_64-conda-linux-gnu/sysroot/usr/lib/../lib -L/home/rtlink/anaconda3/bin/../lib/gcc/x86_64-conda-linux-gnu/12.1.0/../../../../x86_64-conda-linux-gnu/lib -L/home/rtlink/anaconda3/bin/../lib/gcc/x86_64-conda-linux-gnu/12.1.0/../../.. -L/home/rtlink/anaconda3/bin/../x86_64-conda-linux-gnu/sysroot/lib -L/home/rtlink/anaconda3/bin/../x86_64-conda-linux-gnu/sysroot/usr/lib CMakeFiles/cmTC_2da98.dir/CMakeCCompilerABI.c.o -lgcc --push-state --as-needed -lgcc_s --pop-state -lc -lgcc --push-state --as-needed -lgcc_s --pop-state /home/rtlink/anaconda3/bin/../lib/gcc/x86_64-conda-linux-gnu/12.1.0/crtendS.o /home/rtlink/anaconda3/bin/../x86_64-conda-linux-gnu/sysroot/usr/lib/../lib/crtn.o -rpath /home/rtlink/anaconda3/lib
COLLECT_GCC_OPTIONS='-v' '-rdynamic' '-o' 'cmTC_2da98' '-mtune=generic' '-march=x86-64' '-dumpdir' 'cmTC_2da98.'
make[1]: Leaving directory '/home/rtlink/jiwon/paper_ws/build/CMakeFiles/CMakeTmp'



Parsed C implicit include dir info from above output: rv=done
  found start of include info
  found start of implicit include info
    add: [/home/rtlink/anaconda3/bin/../lib/gcc/x86_64-conda-linux-gnu/12.1.0/include]
    add: [/home/rtlink/anaconda3/bin/../lib/gcc/x86_64-conda-linux-gnu/12.1.0/include-fixed]
    add: [/home/rtlink/anaconda3/bin/../x86_64-conda-linux-gnu/sysroot/usr/include]
  end of search list found
  collapse include dir [/home/rtlink/anaconda3/bin/../lib/gcc/x86_64-conda-linux-gnu/12.1.0/include] ==> [/home/rtlink/anaconda3/lib/gcc/x86_64-conda-linux-gnu/12.1.0/include]
  collapse include dir [/home/rtlink/anaconda3/bin/../lib/gcc/x86_64-conda-linux-gnu/12.1.0/include-fixed] ==> [/home/rtlink/anaconda3/lib/gcc/x86_64-conda-linux-gnu/12.1.0/include-fixed]
  collapse include dir [/home/rtlink/anaconda3/bin/../x86_64-conda-linux-gnu/sysroot/usr/include] ==> [/home/rtlink/anaconda3/x86_64-conda-linux-gnu/sysroot/usr/include]
  implicit include dirs: [/home/rtlink/anaconda3/lib/gcc/x86_64-conda-linux-gnu/12.1.0/include;/home/rtlink/anaconda3/lib/gcc/x86_64-conda-linux-gnu/12.1.0/include-fixed;/home/rtlink/anaconda3/x86_64-conda-linux-gnu/sysroot/usr/include]


Parsed C implicit link information from above output:
  link line regex: [^( *|.*[/\])(ld|CMAKE_LINK_STARTFILE-NOTFOUND|([^/\]+-)?ld|collect2)[^/\]*( |$)]
  ignore line: [Change Dir: /home/rtlink/jiwon/paper_ws/build/CMakeFiles/CMakeTmp]
  ignore line: []
  ignore line: [Run Build Command(s):/usr/bin/make cmTC_2da98/fast && /usr/bin/make  -f CMakeFiles/cmTC_2da98.dir/build.make CMakeFiles/cmTC_2da98.dir/build]
  ignore line: [make[1]: Entering directory '/home/rtlink/jiwon/paper_ws/build/CMakeFiles/CMakeTmp']
  ignore line: [Building C object CMakeFiles/cmTC_2da98.dir/CMakeCCompilerABI.c.o]
  ignore line: [/home/rtlink/anaconda3/bin/cc   -v -o CMakeFiles/cmTC_2da98.dir/CMakeCCompilerABI.c.o -c /usr/share/cmake-3.18/Modules/CMakeCCompilerABI.c]
  ignore line: [Reading specs from /home/rtlink/anaconda3/bin/../lib/gcc/x86_64-conda-linux-gnu/12.1.0/specs]
  ignore line: [could not find specs file conda.specs]
  ignore line: [COLLECT_GCC=/home/rtlink/anaconda3/bin/cc]
  ignore line: [Target: x86_64-conda-linux-gnu]
  ignore line: [Configured with: ../configure --prefix=/home/conda/feedstock_root/build_artifacts/gcc_compilers_1665882792052/_h_env_placehold_placehold_placehold_placehold_placehold_placehold_placehold_placehold_placehold_placehold_placehold_placehold_placehold_placehold_placehold_placehold_placehold_placeho --with-slibdir=/home/conda/feedstock_root/build_artifacts/gcc_compilers_1665882792052/_h_env_placehold_placehold_placehold_placehold_placehold_placehold_placehold_placehold_placehold_placehold_placehold_placehold_placehold_placehold_placehold_placehold_placehold_placeho/lib --libdir=/home/conda/feedstock_root/build_artifacts/gcc_compilers_1665882792052/_h_env_placehold_placehold_placehold_placehold_placehold_placehold_placehold_placehold_placehold_placehold_placehold_placehold_placehold_placehold_placehold_placehold_placehold_placeho/lib --mandir=/home/conda/feedstock_root/build_artifacts/gcc_compilers_1665882792052/_h_env_placehold_placehold_placehold_placehold_placehold_placehold_placehold_placehold_placehold_placehold_placehold_placehold_placehold_placehold_placehold_placehold_placehold_placeho/man --build=x86_64-conda-linux-gnu --host=x86_64-conda-linux-gnu --target=x86_64-conda-linux-gnu --enable-default-pie --enable-languages=c c++ fortran objc obj-c++ --enable-__cxa_atexit --disable-libmudflap --enable-libgomp --disable-libssp --enable-libquadmath --enable-libquadmath-support --enable-libsanitizer --enable-lto --enable-threads=posix --enable-target-optspace --enable-plugin --enable-gold --disable-nls --disable-bootstrap --disable-multilib --enable-long-long --with-sysroot=/home/conda/feedstock_root/build_artifacts/gcc_compilers_1665882792052/_h_env_placehold_placehold_placehold_placehold_placehold_placehold_placehold_placehold_placehold_placehold_placehold_placehold_placehold_placehold_placehold_placehold_placehold_placeho/x86_64-conda-linux-gnu/sysroot --with-build-sysroot=/home/conda/feedstock_root/build_artifacts/gcc_compilers_1665882792052/_build_env/x86_64-conda-linux-gnu/sysroot --with-gxx-include-dir=/home/conda/feedstock_root/build_artifacts/gcc_compilers_1665882792052/_h_env_placehold_placehold_placehold_placehold_placehold_placehold_placehold_placehold_placehold_placehold_placehold_placehold_placehold_placehold_placehold_placehold_placehold_placeho/x86_64-conda-linux-gnu/include/c++/12.1.0 --with-pkgversion='conda-forge gcc 12.1.0-17' --with-bugurl=https://github.com/conda-forge/ctng-compilers-feedstock/issues/new/choose]
  ignore line: [Thread model: posix]
  ignore line: [Supported LTO compression algorithms: zlib]
  ignore line: [gcc version 12.1.0 (conda-forge gcc 12.1.0-17) ]
  ignore line: [COLLECT_GCC_OPTIONS='-v' '-o' 'CMakeFiles/cmTC_2da98.dir/CMakeCCompilerABI.c.o' '-c' '-mtune=generic' '-march=x86-64' '-dumpdir' 'CMakeFiles/cmTC_2da98.dir/']
  ignore line: [ /home/rtlink/anaconda3/bin/../libexec/gcc/x86_64-conda-linux-gnu/12.1.0/cc1 -quiet -v -iprefix /home/rtlink/anaconda3/bin/../lib/gcc/x86_64-conda-linux-gnu/12.1.0/ -isysroot /home/rtlink/anaconda3/bin/../x86_64-conda-linux-gnu/sysroot /usr/share/cmake-3.18/Modules/CMakeCCompilerABI.c -quiet -dumpdir CMakeFiles/cmTC_2da98.dir/ -dumpbase CMakeCCompilerABI.c.c -dumpbase-ext .c -mtune=generic -march=x86-64 -version -o /tmp/ccNFA5wA.s]
  ignore line: [GNU C17 (conda-forge gcc 12.1.0-17) version 12.1.0 (x86_64-conda-linux-gnu)]
  ignore line: [	compiled by GNU C version 12.1.0  GMP version 6.2.1  MPFR version 4.1.0  MPC version 1.2.1  isl version isl-0.24-GMP]
  ignore line: []
  ignore line: [GGC heuristics: --param ggc-min-expand=100 --param ggc-min-heapsize=131072]
  ignore line: [ignoring nonexistent directory "/home/rtlink/anaconda3/bin/../lib/gcc/x86_64-conda-linux-gnu/12.1.0/../../../../x86_64-conda-linux-gnu/include"]
  ignore line: [ignoring duplicate directory "/home/rtlink/anaconda3/bin/../lib/gcc/../../lib/gcc/x86_64-conda-linux-gnu/12.1.0/include"]
  ignore line: [ignoring nonexistent directory "/home/rtlink/anaconda3/bin/../x86_64-conda-linux-gnu/sysroot/usr/local/include"]
  ignore line: [ignoring duplicate directory "/home/rtlink/anaconda3/bin/../lib/gcc/../../lib/gcc/x86_64-conda-linux-gnu/12.1.0/include-fixed"]
  ignore line: [ignoring nonexistent directory "/home/rtlink/anaconda3/bin/../lib/gcc/../../lib/gcc/x86_64-conda-linux-gnu/12.1.0/../../../../x86_64-conda-linux-gnu/include"]
  ignore line: [#include "..." search starts here:]
  ignore line: [#include <...> search starts here:]
  ignore line: [ /home/rtlink/anaconda3/bin/../lib/gcc/x86_64-conda-linux-gnu/12.1.0/include]
  ignore line: [ /home/rtlink/anaconda3/bin/../lib/gcc/x86_64-conda-linux-gnu/12.1.0/include-fixed]
  ignore line: [ /home/rtlink/anaconda3/bin/../x86_64-conda-linux-gnu/sysroot/usr/include]
  ignore line: [End of search list.]
  ignore line: [GNU C17 (conda-forge gcc 12.1.0-17) version 12.1.0 (x86_64-conda-linux-gnu)]
  ignore line: [	compiled by GNU C version 12.1.0  GMP version 6.2.1  MPFR version 4.1.0  MPC version 1.2.1  isl version isl-0.24-GMP]
  ignore line: []
  ignore line: [GGC heuristics: --param ggc-min-expand=100 --param ggc-min-heapsize=131072]
  ignore line: [Compiler executable checksum: 948d14387da5abafaa455e4d3c66cea6]
  ignore line: [COLLECT_GCC_OPTIONS='-v' '-o' 'CMakeFiles/cmTC_2da98.dir/CMakeCCompilerABI.c.o' '-c' '-mtune=generic' '-march=x86-64' '-dumpdir' 'CMakeFiles/cmTC_2da98.dir/']
  ignore line: [ /home/rtlink/anaconda3/bin/../lib/gcc/x86_64-conda-linux-gnu/12.1.0/../../../../x86_64-conda-linux-gnu/bin/as -v --64 -o CMakeFiles/cmTC_2da98.dir/CMakeCCompilerABI.c.o /tmp/ccNFA5wA.s]
  ignore line: [GNU assembler version 2.40 (x86_64-conda-linux-gnu) using BFD version (GNU Binutils) 2.40]
  ignore line: [COMPILER_PATH=/home/rtlink/anaconda3/bin/../libexec/gcc/x86_64-conda-linux-gnu/12.1.0/:/home/rtlink/anaconda3/bin/../libexec/gcc/:/home/rtlink/anaconda3/bin/../lib/gcc/x86_64-conda-linux-gnu/12.1.0/../../../../x86_64-conda-linux-gnu/bin/]
  ignore line: [LIBRARY_PATH=/home/rtlink/anaconda3/bin/../lib/gcc/x86_64-conda-linux-gnu/12.1.0/:/home/rtlink/anaconda3/bin/../lib/gcc/:/home/rtlink/anaconda3/bin/../lib/gcc/x86_64-conda-linux-gnu/12.1.0/../../../../x86_64-conda-linux-gnu/lib/../lib/:/home/rtlink/anaconda3/bin/../lib/gcc/x86_64-conda-linux-gnu/12.1.0/../../../../lib/:/home/rtlink/anaconda3/bin/../x86_64-conda-linux-gnu/sysroot/lib/../lib/:/home/rtlink/anaconda3/bin/../x86_64-conda-linux-gnu/sysroot/usr/lib/../lib/:/home/rtlink/anaconda3/bin/../lib/gcc/x86_64-conda-linux-gnu/12.1.0/../../../../x86_64-conda-linux-gnu/lib/:/home/rtlink/anaconda3/bin/../lib/gcc/x86_64-conda-linux-gnu/12.1.0/../../../:/home/rtlink/anaconda3/bin/../x86_64-conda-linux-gnu/sysroot/lib/:/home/rtlink/anaconda3/bin/../x86_64-conda-linux-gnu/sysroot/usr/lib/]
  ignore line: [COLLECT_GCC_OPTIONS='-v' '-o' 'CMakeFiles/cmTC_2da98.dir/CMakeCCompilerABI.c.o' '-c' '-mtune=generic' '-march=x86-64' '-dumpdir' 'CMakeFiles/cmTC_2da98.dir/CMakeCCompilerABI.c.']
  ignore line: [Linking C executable cmTC_2da98]
  ignore line: [/usr/bin/cmake -E cmake_link_script CMakeFiles/cmTC_2da98.dir/link.txt --verbose=1]
  ignore line: [/home/rtlink/anaconda3/bin/cc  -v -rdynamic CMakeFiles/cmTC_2da98.dir/CMakeCCompilerABI.c.o -o cmTC_2da98 ]
  ignore line: [Reading specs from /home/rtlink/anaconda3/bin/../lib/gcc/x86_64-conda-linux-gnu/12.1.0/specs]
  ignore line: [could not find specs file conda.specs]
  ignore line: [COLLECT_GCC=/home/rtlink/anaconda3/bin/cc]
  ignore line: [COLLECT_LTO_WRAPPER=/home/rtlink/anaconda3/bin/../libexec/gcc/x86_64-conda-linux-gnu/12.1.0/lto-wrapper]
  ignore line: [Target: x86_64-conda-linux-gnu]
  ignore line: [Configured with: ../configure --prefix=/home/conda/feedstock_root/build_artifacts/gcc_compilers_1665882792052/_h_env_placehold_placehold_placehold_placehold_placehold_placehold_placehold_placehold_placehold_placehold_placehold_placehold_placehold_placehold_placehold_placehold_placehold_placeho --with-slibdir=/home/conda/feedstock_root/build_artifacts/gcc_compilers_1665882792052/_h_env_placehold_placehold_placehold_placehold_placehold_placehold_placehold_placehold_placehold_placehold_placehold_placehold_placehold_placehold_placehold_placehold_placehold_placeho/lib --libdir=/home/conda/feedstock_root/build_artifacts/gcc_compilers_1665882792052/_h_env_placehold_placehold_placehold_placehold_placehold_placehold_placehold_placehold_placehold_placehold_placehold_placehold_placehold_placehold_placehold_placehold_placehold_placeho/lib --mandir=/home/conda/feedstock_root/build_artifacts/gcc_compilers_1665882792052/_h_env_placehold_placehold_placehold_placehold_placehold_placehold_placehold_placehold_placehold_placehold_placehold_placehold_placehold_placehold_placehold_placehold_placehold_placeho/man --build=x86_64-conda-linux-gnu --host=x86_64-conda-linux-gnu --target=x86_64-conda-linux-gnu --enable-default-pie --enable-languages=c c++ fortran objc obj-c++ --enable-__cxa_atexit --disable-libmudflap --enable-libgomp --disable-libssp --enable-libquadmath --enable-libquadmath-support --enable-libsanitizer --enable-lto --enable-threads=posix --enable-target-optspace --enable-plugin --enable-gold --disable-nls --disable-bootstrap --disable-multilib --enable-long-long --with-sysroot=/home/conda/feedstock_root/build_artifacts/gcc_compilers_1665882792052/_h_env_placehold_placehold_placehold_placehold_placehold_placehold_placehold_placehold_placehold_placehold_placehold_placehold_placehold_placehold_placehold_placehold_placehold_placeho/x86_64-conda-linux-gnu/sysroot --with-build-sysroot=/home/conda/feedstock_root/build_artifacts/gcc_compilers_1665882792052/_build_env/x86_64-conda-linux-gnu/sysroot --with-gxx-include-dir=/home/conda/feedstock_root/build_artifacts/gcc_compilers_1665882792052/_h_env_placehold_placehold_placehold_placehold_placehold_placehold_placehold_placehold_placehold_placehold_placehold_placehold_placehold_placehold_placehold_placehold_placehold_placeho/x86_64-conda-linux-gnu/include/c++/12.1.0 --with-pkgversion='conda-forge gcc 12.1.0-17' --with-bugurl=https://github.com/conda-forge/ctng-compilers-feedstock/issues/new/choose]
  ignore line: [Thread model: posix]
  ignore line: [Supported LTO compression algorithms: zlib]
  ignore line: [gcc version 12.1.0 (conda-forge gcc 12.1.0-17) ]
  ignore line: [COMPILER_PATH=/home/rtlink/anaconda3/bin/../libexec/gcc/x86_64-conda-linux-gnu/12.1.0/:/home/rtlink/anaconda3/bin/../libexec/gcc/:/home/rtlink/anaconda3/bin/../lib/gcc/x86_64-conda-linux-gnu/12.1.0/../../../../x86_64-conda-linux-gnu/bin/]
  ignore line: [LIBRARY_PATH=/home/rtlink/anaconda3/bin/../lib/gcc/x86_64-conda-linux-gnu/12.1.0/:/home/rtlink/anaconda3/bin/../lib/gcc/:/home/rtlink/anaconda3/bin/../lib/gcc/x86_64-conda-linux-gnu/12.1.0/../../../../x86_64-conda-linux-gnu/lib/../lib/:/home/rtlink/anaconda3/bin/../lib/gcc/x86_64-conda-linux-gnu/12.1.0/../../../../lib/:/home/rtlink/anaconda3/bin/../x86_64-conda-linux-gnu/sysroot/lib/../lib/:/home/rtlink/anaconda3/bin/../x86_64-conda-linux-gnu/sysroot/usr/lib/../lib/:/home/rtlink/anaconda3/bin/../lib/gcc/x86_64-conda-linux-gnu/12.1.0/../../../../x86_64-conda-linux-gnu/lib/:/home/rtlink/anaconda3/bin/../lib/gcc/x86_64-conda-linux-gnu/12.1.0/../../../:/home/rtlink/anaconda3/bin/../x86_64-conda-linux-gnu/sysroot/lib/:/home/rtlink/anaconda3/bin/../x86_64-conda-linux-gnu/sysroot/usr/lib/]
  ignore line: [COLLECT_GCC_OPTIONS='-v' '-rdynamic' '-o' 'cmTC_2da98' '-mtune=generic' '-march=x86-64' '-dumpdir' 'cmTC_2da98.']
  link line: [ /home/rtlink/anaconda3/bin/../libexec/gcc/x86_64-conda-linux-gnu/12.1.0/collect2 -plugin /home/rtlink/anaconda3/bin/../libexec/gcc/x86_64-conda-linux-gnu/12.1.0/liblto_plugin.so -plugin-opt=/home/rtlink/anaconda3/bin/../libexec/gcc/x86_64-conda-linux-gnu/12.1.0/lto-wrapper -plugin-opt=-fresolution=/tmp/ccYT1eV2.res -plugin-opt=-pass-through=-lgcc -plugin-opt=-pass-through=-lgcc_s -plugin-opt=-pass-through=-lc -plugin-opt=-pass-through=-lgcc -plugin-opt=-pass-through=-lgcc_s --sysroot=/home/rtlink/anaconda3/bin/../x86_64-conda-linux-gnu/sysroot --eh-frame-hdr -m elf_x86_64 -export-dynamic -dynamic-linker /lib64/ld-linux-x86-64.so.2 -pie -o cmTC_2da98 /home/rtlink/anaconda3/bin/../x86_64-conda-linux-gnu/sysroot/usr/lib/../lib/Scrt1.o /home/rtlink/anaconda3/bin/../x86_64-conda-linux-gnu/sysroot/usr/lib/../lib/crti.o /home/rtlink/anaconda3/bin/../lib/gcc/x86_64-conda-linux-gnu/12.1.0/crtbeginS.o -L/home/rtlink/anaconda3/bin/../lib/gcc/x86_64-conda-linux-gnu/12.1.0 -L/home/rtlink/anaconda3/bin/../lib/gcc -L/home/rtlink/anaconda3/bin/../lib/gcc/x86_64-conda-linux-gnu/12.1.0/../../../../x86_64-conda-linux-gnu/lib/../lib -L/home/rtlink/anaconda3/bin/../lib/gcc/x86_64-conda-linux-gnu/12.1.0/../../../../lib -L/home/rtlink/anaconda3/bin/../x86_64-conda-linux-gnu/sysroot/lib/../lib -L/home/rtlink/anaconda3/bin/../x86_64-conda-linux-gnu/sysroot/usr/lib/../lib -L/home/rtlink/anaconda3/bin/../lib/gcc/x86_64-conda-linux-gnu/12.1.0/../../../../x86_64-conda-linux-gnu/lib -L/home/rtlink/anaconda3/bin/../lib/gcc/x86_64-conda-linux-gnu/12.1.0/../../.. -L/home/rtlink/anaconda3/bin/../x86_64-conda-linux-gnu/sysroot/lib -L/home/rtlink/anaconda3/bin/../x86_64-conda-linux-gnu/sysroot/usr/lib CMakeFiles/cmTC_2da98.dir/CMakeCCompilerABI.c.o -lgcc --push-state --as-needed -lgcc_s --pop-state -lc -lgcc --push-state --as-needed -lgcc_s --pop-state /home/rtlink/anaconda3/bin/../lib/gcc/x86_64-conda-linux-gnu/12.1.0/crtendS.o /home/rtlink/anaconda3/bin/../x86_64-conda-linux-gnu/sysroot/usr/lib/../lib/crtn.o -rpath /home/rtlink/anaconda3/lib]
    arg [/home/rtlink/anaconda3/bin/../libexec/gcc/x86_64-conda-linux-gnu/12.1.0/collect2] ==> ignore
    arg [-plugin] ==> ignore
    arg [/home/rtlink/anaconda3/bin/../libexec/gcc/x86_64-conda-linux-gnu/12.1.0/liblto_plugin.so] ==> ignore
    arg [-plugin-opt=/home/rtlink/anaconda3/bin/../libexec/gcc/x86_64-conda-linux-gnu/12.1.0/lto-wrapper] ==> ignore
    arg [-plugin-opt=-fresolution=/tmp/ccYT1eV2.res] ==> ignore
    arg [-plugin-opt=-pass-through=-lgcc] ==> ignore
    arg [-plugin-opt=-pass-through=-lgcc_s] ==> ignore
    arg [-plugin-opt=-pass-through=-lc] ==> ignore
    arg [-plugin-opt=-pass-through=-lgcc] ==> ignore
    arg [-plugin-opt=-pass-through=-lgcc_s] ==> ignore
    arg [--sysroot=/home/rtlink/anaconda3/bin/../x86_64-conda-linux-gnu/sysroot] ==> ignore
    arg [--eh-frame-hdr] ==> ignore
    arg [-m] ==> ignore
    arg [elf_x86_64] ==> ignore
    arg [-export-dynamic] ==> ignore
    arg [-dynamic-linker] ==> ignore
    arg [/lib64/ld-linux-x86-64.so.2] ==> ignore
    arg [-pie] ==> ignore
    arg [-o] ==> ignore
    arg [cmTC_2da98] ==> ignore
    arg [/home/rtlink/anaconda3/bin/../x86_64-conda-linux-gnu/sysroot/usr/lib/../lib/Scrt1.o] ==> ignore
    arg [/home/rtlink/anaconda3/bin/../x86_64-conda-linux-gnu/sysroot/usr/lib/../lib/crti.o] ==> ignore
    arg [/home/rtlink/anaconda3/bin/../lib/gcc/x86_64-conda-linux-gnu/12.1.0/crtbeginS.o] ==> ignore
    arg [-L/home/rtlink/anaconda3/bin/../lib/gcc/x86_64-conda-linux-gnu/12.1.0] ==> dir [/home/rtlink/anaconda3/bin/../lib/gcc/x86_64-conda-linux-gnu/12.1.0]
    arg [-L/home/rtlink/anaconda3/bin/../lib/gcc] ==> dir [/home/rtlink/anaconda3/bin/../lib/gcc]
    arg [-L/home/rtlink/anaconda3/bin/../lib/gcc/x86_64-conda-linux-gnu/12.1.0/../../../../x86_64-conda-linux-gnu/lib/../lib] ==> dir [/home/rtlink/anaconda3/bin/../lib/gcc/x86_64-conda-linux-gnu/12.1.0/../../../../x86_64-conda-linux-gnu/lib/../lib]
    arg [-L/home/rtlink/anaconda3/bin/../lib/gcc/x86_64-conda-linux-gnu/12.1.0/../../../../lib] ==> dir [/home/rtlink/anaconda3/bin/../lib/gcc/x86_64-conda-linux-gnu/12.1.0/../../../../lib]
    arg [-L/home/rtlink/anaconda3/bin/../x86_64-conda-linux-gnu/sysroot/lib/../lib] ==> dir [/home/rtlink/anaconda3/bin/../x86_64-conda-linux-gnu/sysroot/lib/../lib]
    arg [-L/home/rtlink/anaconda3/bin/../x86_64-conda-linux-gnu/sysroot/usr/lib/../lib] ==> dir [/home/rtlink/anaconda3/bin/../x86_64-conda-linux-gnu/sysroot/usr/lib/../lib]
    arg [-L/home/rtlink/anaconda3/bin/../lib/gcc/x86_64-conda-linux-gnu/12.1.0/../../../../x86_64-conda-linux-gnu/lib] ==> dir [/home/rtlink/anaconda3/bin/../lib/gcc/x86_64-conda-linux-gnu/12.1.0/../../../../x86_64-conda-linux-gnu/lib]
    arg [-L/home/rtlink/anaconda3/bin/../lib/gcc/x86_64-conda-linux-gnu/12.1.0/../../..] ==> dir [/home/rtlink/anaconda3/bin/../lib/gcc/x86_64-conda-linux-gnu/12.1.0/../../..]
    arg [-L/home/rtlink/anaconda3/bin/../x86_64-conda-linux-gnu/sysroot/lib] ==> dir [/home/rtlink/anaconda3/bin/../x86_64-conda-linux-gnu/sysroot/lib]
    arg [-L/home/rtlink/anaconda3/bin/../x86_64-conda-linux-gnu/sysroot/usr/lib] ==> dir [/home/rtlink/anaconda3/bin/../x86_64-conda-linux-gnu/sysroot/usr/lib]
    arg [CMakeFiles/cmTC_2da98.dir/CMakeCCompilerABI.c.o] ==> ignore
    arg [-lgcc] ==> lib [gcc]
    arg [--push-state] ==> ignore
    arg [--as-needed] ==> ignore
    arg [-lgcc_s] ==> lib [gcc_s]
    arg [--pop-state] ==> ignore
    arg [-lc] ==> lib [c]
    arg [-lgcc] ==> lib [gcc]
    arg [--push-state] ==> ignore
    arg [--as-needed] ==> ignore
    arg [-lgcc_s] ==> lib [gcc_s]
    arg [--pop-state] ==> ignore
    arg [/home/rtlink/anaconda3/bin/../lib/gcc/x86_64-conda-linux-gnu/12.1.0/crtendS.o] ==> ignore
    arg [/home/rtlink/anaconda3/bin/../x86_64-conda-linux-gnu/sysroot/usr/lib/../lib/crtn.o] ==> ignore
    arg [-rpath] ==> ignore
    arg [/home/rtlink/anaconda3/lib] ==> ignore
  collapse library dir [/home/rtlink/anaconda3/bin/../lib/gcc/x86_64-conda-linux-gnu/12.1.0] ==> [/home/rtlink/anaconda3/lib/gcc/x86_64-conda-linux-gnu/12.1.0]
  collapse library dir [/home/rtlink/anaconda3/bin/../lib/gcc] ==> [/home/rtlink/anaconda3/lib/gcc]
  collapse library dir [/home/rtlink/anaconda3/bin/../lib/gcc/x86_64-conda-linux-gnu/12.1.0/../../../../x86_64-conda-linux-gnu/lib/../lib] ==> [/home/rtlink/anaconda3/x86_64-conda-linux-gnu/lib]
  collapse library dir [/home/rtlink/anaconda3/bin/../lib/gcc/x86_64-conda-linux-gnu/12.1.0/../../../../lib] ==> [/home/rtlink/anaconda3/lib]
  collapse library dir [/home/rtlink/anaconda3/bin/../x86_64-conda-linux-gnu/sysroot/lib/../lib] ==> [/home/rtlink/anaconda3/x86_64-conda-linux-gnu/sysroot/lib]
  collapse library dir [/home/rtlink/anaconda3/bin/../x86_64-conda-linux-gnu/sysroot/usr/lib/../lib] ==> [/home/rtlink/anaconda3/x86_64-conda-linux-gnu/sysroot/usr/lib]
  collapse library dir [/home/rtlink/anaconda3/bin/../lib/gcc/x86_64-conda-linux-gnu/12.1.0/../../../../x86_64-conda-linux-gnu/lib] ==> [/home/rtlink/anaconda3/x86_64-conda-linux-gnu/lib]
  collapse library dir [/home/rtlink/anaconda3/bin/../lib/gcc/x86_64-conda-linux-gnu/12.1.0/../../..] ==> [/home/rtlink/anaconda3/lib]
  collapse library dir [/home/rtlink/anaconda3/bin/../x86_64-conda-linux-gnu/sysroot/lib] ==> [/home/rtlink/anaconda3/x86_64-conda-linux-gnu/sysroot/lib]
  collapse library dir [/home/rtlink/anaconda3/bin/../x86_64-conda-linux-gnu/sysroot/usr/lib] ==> [/home/rtlink/anaconda3/x86_64-conda-linux-gnu/sysroot/usr/lib]
  implicit libs: [gcc;gcc_s;c;gcc;gcc_s]
  implicit dirs: [/home/rtlink/anaconda3/lib/gcc/x86_64-conda-linux-gnu/12.1.0;/home/rtlink/anaconda3/lib/gcc;/home/rtlink/anaconda3/x86_64-conda-linux-gnu/lib;/home/rtlink/anaconda3/lib;/home/rtlink/anaconda3/x86_64-conda-linux-gnu/sysroot/lib;/home/rtlink/anaconda3/x86_64-conda-linux-gnu/sysroot/usr/lib]
  implicit fwks: []


Detecting CXX compiler ABI info compiled with the following output:
Change Dir: /home/rtlink/jiwon/paper_ws/build/CMakeFiles/CMakeTmp

Run Build Command(s):/usr/bin/make cmTC_018ba/fast && /usr/bin/make  -f CMakeFiles/cmTC_018ba.dir/build.make CMakeFiles/cmTC_018ba.dir/build
make[1]: Entering directory '/home/rtlink/jiwon/paper_ws/build/CMakeFiles/CMakeTmp'
Building CXX object CMakeFiles/cmTC_018ba.dir/CMakeCXXCompilerABI.cpp.o
/usr/bin/c++   -v -o CMakeFiles/cmTC_018ba.dir/CMakeCXXCompilerABI.cpp.o -c /usr/share/cmake-3.18/Modules/CMakeCXXCompilerABI.cpp
clang version 8.0.1-9 (tags/RELEASE_801/final)
Target: x86_64-pc-linux-gnu
Thread model: posix
InstalledDir: /usr/bin
Found candidate GCC installation: /usr/bin/../lib/gcc/x86_64-linux-gnu/7
Found candidate GCC installation: /usr/bin/../lib/gcc/x86_64-linux-gnu/7.5.0
Found candidate GCC installation: /usr/bin/../lib/gcc/x86_64-linux-gnu/8
Found candidate GCC installation: /usr/bin/../lib/gcc/x86_64-linux-gnu/9
Found candidate GCC installation: /usr/lib/gcc/x86_64-linux-gnu/7
Found candidate GCC installation: /usr/lib/gcc/x86_64-linux-gnu/7.5.0
Found candidate GCC installation: /usr/lib/gcc/x86_64-linux-gnu/8
Found candidate GCC installation: /usr/lib/gcc/x86_64-linux-gnu/9
Selected GCC installation: /usr/bin/../lib/gcc/x86_64-linux-gnu/9
Candidate multilib: .;@m64
Selected multilib: .;@m64
 "/usr/lib/llvm-8/bin/clang" -cc1 -triple x86_64-pc-linux-gnu -emit-obj -mrelax-all -disable-free -disable-llvm-verifier -discard-value-names -main-file-name CMakeCXXCompilerABI.cpp -mrelocation-model static -mthread-model posix -mdisable-fp-elim -fmath-errno -masm-verbose -mconstructor-aliases -munwind-tables -fuse-init-array -target-cpu x86-64 -dwarf-column-info -debugger-tuning=gdb -v -coverage-notes-file /home/rtlink/jiwon/paper_ws/build/CMakeFiles/CMakeTmp/CMakeFiles/cmTC_018ba.dir/CMakeCXXCompilerABI.cpp.gcno -resource-dir /usr/lib/llvm-8/lib/clang/8.0.1 -internal-isystem /usr/bin/../lib/gcc/x86_64-linux-gnu/9/../../../../include/c++/9 -internal-isystem /usr/bin/../lib/gcc/x86_64-linux-gnu/9/../../../../include/x86_64-linux-gnu/c++/9 -internal-isystem /usr/bin/../lib/gcc/x86_64-linux-gnu/9/../../../../include/x86_64-linux-gnu/c++/9 -internal-isystem /usr/bin/../lib/gcc/x86_64-linux-gnu/9/../../../../include/c++/9/backward -internal-isystem /usr/include/clang/8.0.1/include/ -internal-isystem /usr/local/include -internal-isystem /usr/lib/llvm-8/lib/clang/8.0.1/include -internal-externc-isystem /usr/include/x86_64-linux-gnu -internal-externc-isystem /include -internal-externc-isystem /usr/include -fdeprecated-macro -fdebug-compilation-dir /home/rtlink/jiwon/paper_ws/build/CMakeFiles/CMakeTmp -ferror-limit 19 -fmessage-length 0 -fobjc-runtime=gcc -fcxx-exceptions -fexceptions -fdiagnostics-show-option -o CMakeFiles/cmTC_018ba.dir/CMakeCXXCompilerABI.cpp.o -x c++ /usr/share/cmake-3.18/Modules/CMakeCXXCompilerABI.cpp -faddrsig
clang -cc1 version 8.0.1 based upon LLVM 8.0.1 default target x86_64-pc-linux-gnu
ignoring nonexistent directory "/include"
ignoring duplicate directory "/usr/bin/../lib/gcc/x86_64-linux-gnu/9/../../../../include/x86_64-linux-gnu/c++/9"
ignoring duplicate directory "/usr/include/clang/8.0.1/include"
#include "..." search starts here:
#include <...> search starts here:
 /usr/bin/../lib/gcc/x86_64-linux-gnu/9/../../../../include/c++/9
 /usr/bin/../lib/gcc/x86_64-linux-gnu/9/../../../../include/x86_64-linux-gnu/c++/9
 /usr/bin/../lib/gcc/x86_64-linux-gnu/9/../../../../include/c++/9/backward
 /usr/include/clang/8.0.1/include
 /usr/local/include
 /usr/include/x86_64-linux-gnu
 /usr/include
End of search list.
Linking CXX executable cmTC_018ba
/usr/bin/cmake -E cmake_link_script CMakeFiles/cmTC_018ba.dir/link.txt --verbose=1
/usr/bin/c++  -v -rdynamic CMakeFiles/cmTC_018ba.dir/CMakeCXXCompilerABI.cpp.o -o cmTC_018ba 
clang version 8.0.1-9 (tags/RELEASE_801/final)
Target: x86_64-pc-linux-gnu
Thread model: posix
InstalledDir: /usr/bin
Found candidate GCC installation: /usr/bin/../lib/gcc/x86_64-linux-gnu/7
Found candidate GCC installation: /usr/bin/../lib/gcc/x86_64-linux-gnu/7.5.0
Found candidate GCC installation: /usr/bin/../lib/gcc/x86_64-linux-gnu/8
Found candidate GCC installation: /usr/bin/../lib/gcc/x86_64-linux-gnu/9
Found candidate GCC installation: /usr/lib/gcc/x86_64-linux-gnu/7
Found candidate GCC installation: /usr/lib/gcc/x86_64-linux-gnu/7.5.0
Found candidate GCC installation: /usr/lib/gcc/x86_64-linux-gnu/8
Found candidate GCC installation: /usr/lib/gcc/x86_64-linux-gnu/9
Selected GCC installation: /usr/bin/../lib/gcc/x86_64-linux-gnu/9
Candidate multilib: .;@m64
Selected multilib: .;@m64
 "/usr/bin/ld" -export-dynamic --build-id --eh-frame-hdr -m elf_x86_64 -export-dynamic -dynamic-linker /lib64/ld-linux-x86-64.so.2 -o cmTC_018ba /usr/bin/../lib/gcc/x86_64-linux-gnu/9/../../../x86_64-linux-gnu/crt1.o /usr/bin/../lib/gcc/x86_64-linux-gnu/9/../../../x86_64-linux-gnu/crti.o /usr/bin/../lib/gcc/x86_64-linux-gnu/9/crtbegin.o -L/usr/bin/../lib/gcc/x86_64-linux-gnu/9 -L/usr/bin/../lib/gcc/x86_64-linux-gnu/9/../../../x86_64-linux-gnu -L/usr/bin/../lib/gcc/x86_64-linux-gnu/9/../../../../lib64 -L/lib/x86_64-linux-gnu -L/lib/../lib64 -L/usr/lib/x86_64-linux-gnu -L/usr/lib/../lib64 -L/usr/lib/x86_64-linux-gnu/../../lib64 -L/usr/bin/../lib/gcc/x86_64-linux-gnu/9/../../.. -L/usr/lib/llvm-8/bin/../lib -L/lib -L/usr/lib CMakeFiles/cmTC_018ba.dir/CMakeCXXCompilerABI.cpp.o -lstdc++ -lm -lgcc_s -lgcc -lc -lgcc_s -lgcc /usr/bin/../lib/gcc/x86_64-linux-gnu/9/crtend.o /usr/bin/../lib/gcc/x86_64-linux-gnu/9/../../../x86_64-linux-gnu/crtn.o
make[1]: Leaving directory '/home/rtlink/jiwon/paper_ws/build/CMakeFiles/CMakeTmp'



Parsed CXX implicit include dir info from above output: rv=done
  found start of include info
  found start of implicit include info
    add: [/usr/bin/../lib/gcc/x86_64-linux-gnu/9/../../../../include/c++/9]
    add: [/usr/bin/../lib/gcc/x86_64-linux-gnu/9/../../../../include/x86_64-linux-gnu/c++/9]
    add: [/usr/bin/../lib/gcc/x86_64-linux-gnu/9/../../../../include/c++/9/backward]
    add: [/usr/include/clang/8.0.1/include]
    add: [/usr/local/include]
    add: [/usr/include/x86_64-linux-gnu]
    add: [/usr/include]
  end of search list found
  collapse include dir [/usr/bin/../lib/gcc/x86_64-linux-gnu/9/../../../../include/c++/9] ==> [/usr/include/c++/9]
  collapse include dir [/usr/bin/../lib/gcc/x86_64-linux-gnu/9/../../../../include/x86_64-linux-gnu/c++/9] ==> [/usr/include/x86_64-linux-gnu/c++/9]
  collapse include dir [/usr/bin/../lib/gcc/x86_64-linux-gnu/9/../../../../include/c++/9/backward] ==> [/usr/include/c++/9/backward]
  collapse include dir [/usr/include/clang/8.0.1/include] ==> [/usr/include/clang/8.0.1/include]
  collapse include dir [/usr/local/include] ==> [/usr/local/include]
  collapse include dir [/usr/include/x86_64-linux-gnu] ==> [/usr/include/x86_64-linux-gnu]
  collapse include dir [/usr/include] ==> [/usr/include]
  implicit include dirs: [/usr/include/c++/9;/usr/include/x86_64-linux-gnu/c++/9;/usr/include/c++/9/backward;/usr/include/clang/8.0.1/include;/usr/local/include;/usr/include/x86_64-linux-gnu;/usr/include]


Parsed CXX implicit link information from above output:
  link line regex: [^( *|.*[/\])(ld|CMAKE_LINK_STARTFILE-NOTFOUND|([^/\]+-)?ld|collect2)[^/\]*( |$)]
  ignore line: [Change Dir: /home/rtlink/jiwon/paper_ws/build/CMakeFiles/CMakeTmp]
  ignore line: []
  ignore line: [Run Build Command(s):/usr/bin/make cmTC_018ba/fast && /usr/bin/make  -f CMakeFiles/cmTC_018ba.dir/build.make CMakeFiles/cmTC_018ba.dir/build]
  ignore line: [make[1]: Entering directory '/home/rtlink/jiwon/paper_ws/build/CMakeFiles/CMakeTmp']
  ignore line: [Building CXX object CMakeFiles/cmTC_018ba.dir/CMakeCXXCompilerABI.cpp.o]
  ignore line: [/usr/bin/c++   -v -o CMakeFiles/cmTC_018ba.dir/CMakeCXXCompilerABI.cpp.o -c /usr/share/cmake-3.18/Modules/CMakeCXXCompilerABI.cpp]
  ignore line: [clang version 8.0.1-9 (tags/RELEASE_801/final)]
  ignore line: [Target: x86_64-pc-linux-gnu]
  ignore line: [Thread model: posix]
  ignore line: [InstalledDir: /usr/bin]
  ignore line: [Found candidate GCC installation: /usr/bin/../lib/gcc/x86_64-linux-gnu/7]
  ignore line: [Found candidate GCC installation: /usr/bin/../lib/gcc/x86_64-linux-gnu/7.5.0]
  ignore line: [Found candidate GCC installation: /usr/bin/../lib/gcc/x86_64-linux-gnu/8]
  ignore line: [Found candidate GCC installation: /usr/bin/../lib/gcc/x86_64-linux-gnu/9]
  ignore line: [Found candidate GCC installation: /usr/lib/gcc/x86_64-linux-gnu/7]
  ignore line: [Found candidate GCC installation: /usr/lib/gcc/x86_64-linux-gnu/7.5.0]
  ignore line: [Found candidate GCC installation: /usr/lib/gcc/x86_64-linux-gnu/8]
  ignore line: [Found candidate GCC installation: /usr/lib/gcc/x86_64-linux-gnu/9]
  ignore line: [Selected GCC installation: /usr/bin/../lib/gcc/x86_64-linux-gnu/9]
  ignore line: [Candidate multilib: .]
  ignore line: [@m64]
  ignore line: [Selected multilib: .]
  ignore line: [@m64]
  ignore line: [ "/usr/lib/llvm-8/bin/clang" -cc1 -triple x86_64-pc-linux-gnu -emit-obj -mrelax-all -disable-free -disable-llvm-verifier -discard-value-names -main-file-name CMakeCXXCompilerABI.cpp -mrelocation-model static -mthread-model posix -mdisable-fp-elim -fmath-errno -masm-verbose -mconstructor-aliases -munwind-tables -fuse-init-array -target-cpu x86-64 -dwarf-column-info -debugger-tuning=gdb -v -coverage-notes-file /home/rtlink/jiwon/paper_ws/build/CMakeFiles/CMakeTmp/CMakeFiles/cmTC_018ba.dir/CMakeCXXCompilerABI.cpp.gcno -resource-dir /usr/lib/llvm-8/lib/clang/8.0.1 -internal-isystem /usr/bin/../lib/gcc/x86_64-linux-gnu/9/../../../../include/c++/9 -internal-isystem /usr/bin/../lib/gcc/x86_64-linux-gnu/9/../../../../include/x86_64-linux-gnu/c++/9 -internal-isystem /usr/bin/../lib/gcc/x86_64-linux-gnu/9/../../../../include/x86_64-linux-gnu/c++/9 -internal-isystem /usr/bin/../lib/gcc/x86_64-linux-gnu/9/../../../../include/c++/9/backward -internal-isystem /usr/include/clang/8.0.1/include/ -internal-isystem /usr/local/include -internal-isystem /usr/lib/llvm-8/lib/clang/8.0.1/include -internal-externc-isystem /usr/include/x86_64-linux-gnu -internal-externc-isystem /include -internal-externc-isystem /usr/include -fdeprecated-macro -fdebug-compilation-dir /home/rtlink/jiwon/paper_ws/build/CMakeFiles/CMakeTmp -ferror-limit 19 -fmessage-length 0 -fobjc-runtime=gcc -fcxx-exceptions -fexceptions -fdiagnostics-show-option -o CMakeFiles/cmTC_018ba.dir/CMakeCXXCompilerABI.cpp.o -x c++ /usr/share/cmake-3.18/Modules/CMakeCXXCompilerABI.cpp -faddrsig]
  ignore line: [clang -cc1 version 8.0.1 based upon LLVM 8.0.1 default target x86_64-pc-linux-gnu]
  ignore line: [ignoring nonexistent directory "/include"]
  ignore line: [ignoring duplicate directory "/usr/bin/../lib/gcc/x86_64-linux-gnu/9/../../../../include/x86_64-linux-gnu/c++/9"]
  ignore line: [ignoring duplicate directory "/usr/include/clang/8.0.1/include"]
  ignore line: [#include "..." search starts here:]
  ignore line: [#include <...> search starts here:]
  ignore line: [ /usr/bin/../lib/gcc/x86_64-linux-gnu/9/../../../../include/c++/9]
  ignore line: [ /usr/bin/../lib/gcc/x86_64-linux-gnu/9/../../../../include/x86_64-linux-gnu/c++/9]
  ignore line: [ /usr/bin/../lib/gcc/x86_64-linux-gnu/9/../../../../include/c++/9/backward]
  ignore line: [ /usr/include/clang/8.0.1/include]
  ignore line: [ /usr/local/include]
  ignore line: [ /usr/include/x86_64-linux-gnu]
  ignore line: [ /usr/include]
  ignore line: [End of search list.]
  ignore line: [Linking CXX executable cmTC_018ba]
  ignore line: [/usr/bin/cmake -E cmake_link_script CMakeFiles/cmTC_018ba.dir/link.txt --verbose=1]
  ignore line: [/usr/bin/c++  -v -rdynamic CMakeFiles/cmTC_018ba.dir/CMakeCXXCompilerABI.cpp.o -o cmTC_018ba ]
  ignore line: [clang version 8.0.1-9 (tags/RELEASE_801/final)]
  ignore line: [Target: x86_64-pc-linux-gnu]
  ignore line: [Thread model: posix]
  ignore line: [InstalledDir: /usr/bin]
  ignore line: [Found candidate GCC installation: /usr/bin/../lib/gcc/x86_64-linux-gnu/7]
  ignore line: [Found candidate GCC installation: /usr/bin/../lib/gcc/x86_64-linux-gnu/7.5.0]
  ignore line: [Found candidate GCC installation: /usr/bin/../lib/gcc/x86_64-linux-gnu/8]
  ignore line: [Found candidate GCC installation: /usr/bin/../lib/gcc/x86_64-linux-gnu/9]
  ignore line: [Found candidate GCC installation: /usr/lib/gcc/x86_64-linux-gnu/7]
  ignore line: [Found candidate GCC installation: /usr/lib/gcc/x86_64-linux-gnu/7.5.0]
  ignore line: [Found candidate GCC installation: /usr/lib/gcc/x86_64-linux-gnu/8]
  ignore line: [Found candidate GCC installation: /usr/lib/gcc/x86_64-linux-gnu/9]
  ignore line: [Selected GCC installation: /usr/bin/../lib/gcc/x86_64-linux-gnu/9]
  ignore line: [Candidate multilib: .]
  ignore line: [@m64]
  ignore line: [Selected multilib: .]
  ignore line: [@m64]
  link line: [ "/usr/bin/ld" -export-dynamic --build-id --eh-frame-hdr -m elf_x86_64 -export-dynamic -dynamic-linker /lib64/ld-linux-x86-64.so.2 -o cmTC_018ba /usr/bin/../lib/gcc/x86_64-linux-gnu/9/../../../x86_64-linux-gnu/crt1.o /usr/bin/../lib/gcc/x86_64-linux-gnu/9/../../../x86_64-linux-gnu/crti.o /usr/bin/../lib/gcc/x86_64-linux-gnu/9/crtbegin.o -L/usr/bin/../lib/gcc/x86_64-linux-gnu/9 -L/usr/bin/../lib/gcc/x86_64-linux-gnu/9/../../../x86_64-linux-gnu -L/usr/bin/../lib/gcc/x86_64-linux-gnu/9/../../../../lib64 -L/lib/x86_64-linux-gnu -L/lib/../lib64 -L/usr/lib/x86_64-linux-gnu -L/usr/lib/../lib64 -L/usr/lib/x86_64-linux-gnu/../../lib64 -L/usr/bin/../lib/gcc/x86_64-linux-gnu/9/../../.. -L/usr/lib/llvm-8/bin/../lib -L/lib -L/usr/lib CMakeFiles/cmTC_018ba.dir/CMakeCXXCompilerABI.cpp.o -lstdc++ -lm -lgcc_s -lgcc -lc -lgcc_s -lgcc /usr/bin/../lib/gcc/x86_64-linux-gnu/9/crtend.o /usr/bin/../lib/gcc/x86_64-linux-gnu/9/../../../x86_64-linux-gnu/crtn.o]
    arg [/usr/bin/ld] ==> ignore
    arg [-export-dynamic] ==> ignore
    arg [--build-id] ==> ignore
    arg [--eh-frame-hdr] ==> ignore
    arg [-m] ==> ignore
    arg [elf_x86_64] ==> ignore
    arg [-export-dynamic] ==> ignore
    arg [-dynamic-linker] ==> ignore
    arg [/lib64/ld-linux-x86-64.so.2] ==> ignore
    arg [-o] ==> ignore
    arg [cmTC_018ba] ==> ignore
    arg [/usr/bin/../lib/gcc/x86_64-linux-gnu/9/../../../x86_64-linux-gnu/crt1.o] ==> ignore
    arg [/usr/bin/../lib/gcc/x86_64-linux-gnu/9/../../../x86_64-linux-gnu/crti.o] ==> ignore
    arg [/usr/bin/../lib/gcc/x86_64-linux-gnu/9/crtbegin.o] ==> ignore
    arg [-L/usr/bin/../lib/gcc/x86_64-linux-gnu/9] ==> dir [/usr/bin/../lib/gcc/x86_64-linux-gnu/9]
    arg [-L/usr/bin/../lib/gcc/x86_64-linux-gnu/9/../../../x86_64-linux-gnu] ==> dir [/usr/bin/../lib/gcc/x86_64-linux-gnu/9/../../../x86_64-linux-gnu]
    arg [-L/usr/bin/../lib/gcc/x86_64-linux-gnu/9/../../../../lib64] ==> dir [/usr/bin/../lib/gcc/x86_64-linux-gnu/9/../../../../lib64]
    arg [-L/lib/x86_64-linux-gnu] ==> dir [/lib/x86_64-linux-gnu]
    arg [-L/lib/../lib64] ==> dir [/lib/../lib64]
    arg [-L/usr/lib/x86_64-linux-gnu] ==> dir [/usr/lib/x86_64-linux-gnu]
    arg [-L/usr/lib/../lib64] ==> dir [/usr/lib/../lib64]
    arg [-L/usr/lib/x86_64-linux-gnu/../../lib64] ==> dir [/usr/lib/x86_64-linux-gnu/../../lib64]
    arg [-L/usr/bin/../lib/gcc/x86_64-linux-gnu/9/../../..] ==> dir [/usr/bin/../lib/gcc/x86_64-linux-gnu/9/../../..]
    arg [-L/usr/lib/llvm-8/bin/../lib] ==> dir [/usr/lib/llvm-8/bin/../lib]
    arg [-L/lib] ==> dir [/lib]
    arg [-L/usr/lib] ==> dir [/usr/lib]
    arg [CMakeFiles/cmTC_018ba.dir/CMakeCXXCompilerABI.cpp.o] ==> ignore
    arg [-lstdc++] ==> lib [stdc++]
    arg [-lm] ==> lib [m]
    arg [-lgcc_s] ==> lib [gcc_s]
    arg [-lgcc] ==> lib [gcc]
    arg [-lc] ==> lib [c]
    arg [-lgcc_s] ==> lib [gcc_s]
    arg [-lgcc] ==> lib [gcc]
    arg [/usr/bin/../lib/gcc/x86_64-linux-gnu/9/crtend.o] ==> ignore
    arg [/usr/bin/../lib/gcc/x86_64-linux-gnu/9/../../../x86_64-linux-gnu/crtn.o] ==> ignore
  collapse library dir [/usr/bin/../lib/gcc/x86_64-linux-gnu/9] ==> [/usr/lib/gcc/x86_64-linux-gnu/9]
  collapse library dir [/usr/bin/../lib/gcc/x86_64-linux-gnu/9/../../../x86_64-linux-gnu] ==> [/usr/lib/x86_64-linux-gnu]
  collapse library dir [/usr/bin/../lib/gcc/x86_64-linux-gnu/9/../../../../lib64] ==> [/usr/lib64]
  collapse library dir [/lib/x86_64-linux-gnu] ==> [/lib/x86_64-linux-gnu]
  collapse library dir [/lib/../lib64] ==> [/lib64]
  collapse library dir [/usr/lib/x86_64-linux-gnu] ==> [/usr/lib/x86_64-linux-gnu]
  collapse library dir [/usr/lib/../lib64] ==> [/usr/lib64]
  collapse library dir [/usr/lib/x86_64-linux-gnu/../../lib64] ==> [/usr/lib64]
  collapse library dir [/usr/bin/../lib/gcc/x86_64-linux-gnu/9/../../..] ==> [/usr/lib]
  collapse library dir [/usr/lib/llvm-8/bin/../lib] ==> [/usr/lib/llvm-8/lib]
  collapse library dir [/lib] ==> [/lib]
  collapse library dir [/usr/lib] ==> [/usr/lib]
  implicit libs: [stdc++;m;gcc_s;gcc;c;gcc_s;gcc]
  implicit dirs: [/usr/lib/gcc/x86_64-linux-gnu/9;/usr/lib/x86_64-linux-gnu;/usr/lib64;/lib/x86_64-linux-gnu;/lib64;/usr/lib;/usr/lib/llvm-8/lib;/lib]
  implicit fwks: []


Determining if the include file pthread.h exists passed with the following output:
Change Dir: /home/rtlink/jiwon/paper_ws/build/CMakeFiles/CMakeTmp

Run Build Command(s):/usr/bin/make cmTC_51a64/fast && /usr/bin/make  -f CMakeFiles/cmTC_51a64.dir/build.make CMakeFiles/cmTC_51a64.dir/build
make[1]:  '/home/rtlink/jiwon/paper_ws/build/CMakeFiles/CMakeTmp' 
Building C object CMakeFiles/cmTC_51a64.dir/CheckIncludeFile.c.o
/home/rtlink/anaconda3/bin/cc    -o CMakeFiles/cmTC_51a64.dir/CheckIncludeFile.c.o -c /home/rtlink/jiwon/paper_ws/build/CMakeFiles/CMakeTmp/CheckIncludeFile.c
Linking C executable cmTC_51a64
/usr/bin/cmake -E cmake_link_script CMakeFiles/cmTC_51a64.dir/link.txt --verbose=1
/home/rtlink/anaconda3/bin/cc -rdynamic CMakeFiles/cmTC_51a64.dir/CheckIncludeFile.c.o -o cmTC_51a64 
make[1]:  '/home/rtlink/jiwon/paper_ws/build/CMakeFiles/CMakeTmp' 



Determining if the function pthread_create exists in the pthread passed with the following output:
Change Dir: /home/rtlink/jiwon/paper_ws/build/CMakeFiles/CMakeTmp

Run Build Command(s):/usr/bin/make cmTC_0dae0/fast && /usr/bin/make  -f CMakeFiles/cmTC_0dae0.dir/build.make CMakeFiles/cmTC_0dae0.dir/build
make[1]:  '/home/rtlink/jiwon/paper_ws/build/CMakeFiles/CMakeTmp' 
Building C object CMakeFiles/cmTC_0dae0.dir/CheckFunctionExists.c.o
/home/rtlink/anaconda3/bin/cc   -DCHECK_FUNCTION_EXISTS=pthread_create -o CMakeFiles/cmTC_0dae0.dir/CheckFunctionExists.c.o -c /usr/share/cmake-3.18/Modules/CheckFunctionExists.c
Linking C executable cmTC_0dae0
/usr/bin/cmake -E cmake_link_script CMakeFiles/cmTC_0dae0.dir/link.txt --verbose=1
/home/rtlink/anaconda3/bin/cc  -DCHECK_FUNCTION_EXISTS=pthread_create -rdynamic CMakeFiles/cmTC_0dae0.dir/CheckFunctionExists.c.o -o cmTC_0dae0  -lpthread 
make[1]:  '/home/rtlink/jiwon/paper_ws/build/CMakeFiles/CMakeTmp' 



